# JRE version: Java(TM) SE Runtime Environment (22.0.2+9) (build 22.0.2+9-70)
# Java VM: Java HotSpot(TM) 64-Bit Server VM (22.0.2+9-70, mixed mode, emulated-client, sharing, tiered, compressed oops, compressed class ptrs, g1 gc, windows-amd64)
GC Precious Log:
 CardTable entry size: 512
 Card Set container configuration: InlinePtr #cards 4 size 8 Array Of Cards #cards 16 size 48 Howl #buckets 8 coarsen threshold 3686 Howl Bitmap #cards 512 size 80 coarsen threshold 460 Card regions per heap region 1 cards per card region 4096
 CPUs: 12 total, 12 available
 Memory: 11995M
 Large Page Support: Disabled
 NUMA Support: Disabled
 Compressed Oops: Enabled (Zero based)
 Heap Region Size: 2M
 Heap Min Capacity: 8M
 Heap Initial Capacity: 188M
 Heap Max Capacity: 3000M
 Pre-touch: Disabled
 Parallel Workers: 10
 Concurrent Workers: 3
 Concurrent Refinement Workers: 10
 Periodic GC: Disabled
Heap:
 garbage-first heap   total reserved 3072000K, committed 88064K, used 50178K [0x0000000744800000, 0x0000000800000000)
  region size 2048K, 13 young (26624K), 0 survivors (0K)
 Metaspace       used 50120K, committed 50816K, reserved 1114112K
  class space    used 6856K, committed 7168K, reserved 1048576K
GC Heap History (20 events):
Event: 1.916 GC heap before
{Heap before GC invocations=4 (full 0):
 garbage-first heap   total reserved 3072000K, committed 40960K, used 39464K [0x0000000744800000, 0x0000000800000000)
  region size 2048K, 16 young (32768K), 2 survivors (4096K)
 Metaspace       used 18659K, committed 19008K, reserved 1114112K
  class space    used 2416K, committed 2560K, reserved 1048576K
}
Event: 1.920 GC heap after
{Heap after GC invocations=5 (full 0):
 garbage-first heap   total reserved 3072000K, committed 47104K, used 9672K [0x0000000744800000, 0x0000000800000000)
  region size 2048K, 2 young (4096K), 2 survivors (4096K)
 Metaspace       used 18659K, committed 19008K, reserved 1114112K
  class space    used 2416K, committed 2560K, reserved 1048576K
}
Event: 2.012 GC heap before
{Heap before GC invocations=5 (full 0):
 garbage-first heap   total reserved 3072000K, committed 47104K, used 32200K [0x0000000744800000, 0x0000000800000000)
  region size 2048K, 13 young (26624K), 2 survivors (4096K)
 Metaspace       used 20492K, committed 20864K, reserved 1114112K
  class space    used 2694K, committed 2880K, reserved 1048576K
}
Event: 2.017 GC heap after
{Heap after GC invocations=6 (full 0):
 garbage-first heap   total reserved 3072000K, committed 120832K, used 10908K [0x0000000744800000, 0x0000000800000000)
  region size 2048K, 1 young (2048K), 1 survivors (2048K)
 Metaspace       used 20492K, committed 20864K, reserved 1114112K
  class space    used 2694K, committed 2880K, reserved 1048576K
}
Event: 2.835 GC heap before
{Heap before GC invocations=6 (full 0):
 garbage-first heap   total reserved 3072000K, committed 120832K, used 78492K [0x0000000744800000, 0x0000000800000000)
  region size 2048K, 35 young (71680K), 1 survivors (2048K)
 Metaspace       used 24966K, committed 25472K, reserved 1114112K
  class space    used 3306K, committed 3520K, reserved 1048576K
}
Event: 2.844 GC heap after
{Heap after GC invocations=7 (full 0):
 garbage-first heap   total reserved 3072000K, committed 120832K, used 13533K [0x0000000744800000, 0x0000000800000000)
  region size 2048K, 3 young (6144K), 3 survivors (6144K)
 Metaspace       used 24966K, committed 25472K, reserved 1114112K
  class space    used 3306K, committed 3520K, reserved 1048576K
}
Event: 3.212 GC heap before
{Heap before GC invocations=7 (full 0):
 garbage-first heap   total reserved 3072000K, committed 120832K, used 46301K [0x0000000744800000, 0x0000000800000000)
  region size 2048K, 20 young (40960K), 3 survivors (6144K)
 Metaspace       used 27737K, committed 28288K, reserved 1114112K
  class space    used 3700K, committed 3968K, reserved 1048576K
}
Event: 3.217 GC heap after
{Heap after GC invocations=8 (full 0):
 garbage-first heap   total reserved 3072000K, committed 120832K, used 14906K [0x0000000744800000, 0x0000000800000000)
  region size 2048K, 3 young (6144K), 3 survivors (6144K)
 Metaspace       used 27737K, committed 28288K, reserved 1114112K
  class space    used 3700K, committed 3968K, reserved 1048576K
}
Event: 3.556 GC heap before
{Heap before GC invocations=9 (full 0):
 garbage-first heap   total reserved 3072000K, committed 55296K, used 53818K [0x0000000744800000, 0x0000000800000000)
  region size 2048K, 22 young (45056K), 3 survivors (6144K)
 Metaspace       used 30665K, committed 31232K, reserved 1114112K
  class space    used 4152K, committed 4416K, reserved 1048576K
}
Event: 3.559 GC heap after
{Heap after GC invocations=10 (full 0):
 garbage-first heap   total reserved 3072000K, committed 65536K, used 16670K [0x0000000744800000, 0x0000000800000000)
  region size 2048K, 4 young (8192K), 4 survivors (8192K)
 Metaspace       used 30665K, committed 31232K, reserved 1114112K
  class space    used 4152K, committed 4416K, reserved 1048576K
}
Event: 3.772 GC heap before
{Heap before GC invocations=10 (full 0):
 garbage-first heap   total reserved 3072000K, committed 65536K, used 45342K [0x0000000744800000, 0x0000000800000000)
  region size 2048K, 19 young (38912K), 4 survivors (8192K)
 Metaspace       used 32909K, committed 33536K, reserved 1114112K
  class space    used 4540K, committed 4800K, reserved 1048576K
}
Event: 3.779 GC heap after
{Heap after GC invocations=11 (full 0):
 garbage-first heap   total reserved 3072000K, committed 88064K, used 17899K [0x0000000744800000, 0x0000000800000000)
  region size 2048K, 2 young (4096K), 2 survivors (4096K)
 Metaspace       used 32909K, committed 33536K, reserved 1114112K
  class space    used 4540K, committed 4800K, reserved 1048576K
}
Event: 12.132 GC heap before
{Heap before GC invocations=11 (full 0):
 garbage-first heap   total reserved 3072000K, committed 88064K, used 62955K [0x0000000744800000, 0x0000000800000000)
  region size 2048K, 25 young (51200K), 2 survivors (4096K)
 Metaspace       used 38034K, committed 38592K, reserved 1114112K
  class space    used 5211K, committed 5440K, reserved 1048576K
}
Event: 12.140 GC heap after
{Heap after GC invocations=12 (full 0):
 garbage-first heap   total reserved 3072000K, committed 88064K, used 18767K [0x0000000744800000, 0x0000000800000000)
  region size 2048K, 3 young (6144K), 3 survivors (6144K)
 Metaspace       used 38034K, committed 38592K, reserved 1114112K
  class space    used 5211K, committed 5440K, reserved 1048576K
}
Event: 12.443 GC heap before
{Heap before GC invocations=12 (full 0):
 garbage-first heap   total reserved 3072000K, committed 88064K, used 61775K [0x0000000744800000, 0x0000000800000000)
  region size 2048K, 25 young (51200K), 3 survivors (6144K)
 Metaspace       used 43848K, committed 44480K, reserved 1114112K
  class space    used 5936K, committed 6208K, reserved 1048576K
}
Event: 12.449 GC heap after
{Heap after GC invocations=13 (full 0):
 garbage-first heap   total reserved 3072000K, committed 88064K, used 21234K [0x0000000744800000, 0x0000000800000000)
  region size 2048K, 4 young (8192K), 4 survivors (8192K)
 Metaspace       used 43848K, committed 44480K, reserved 1114112K
  class space    used 5936K, committed 6208K, reserved 1048576K
}
Event: 12.950 GC heap before
{Heap before GC invocations=13 (full 0):
 garbage-first heap   total reserved 3072000K, committed 88064K, used 41714K [0x0000000744800000, 0x0000000800000000)
  region size 2048K, 13 young (26624K), 4 survivors (8192K)
 Metaspace       used 46614K, committed 47296K, reserved 1114112K
  class space    used 6340K, committed 6656K, reserved 1048576K
}
Event: 12.957 GC heap after
{Heap after GC invocations=14 (full 0):
 garbage-first heap   total reserved 3072000K, committed 88064K, used 28554K [0x0000000744800000, 0x0000000800000000)
  region size 2048K, 3 young (6144K), 3 survivors (6144K)
 Metaspace       used 46614K, committed 47296K, reserved 1114112K
  class space    used 6340K, committed 6656K, reserved 1048576K
}
Event: 72.452 GC heap before
{Heap before GC invocations=15 (full 0):
 garbage-first heap   total reserved 3072000K, committed 88064K, used 69514K [0x0000000744800000, 0x0000000800000000)
  region size 2048K, 25 young (51200K), 3 survivors (6144K)
 Metaspace       used 50069K, committed 50816K, reserved 1114112K
  class space    used 6848K, committed 7168K, reserved 1048576K
}
Event: 72.484 GC heap after
{Heap after GC invocations=16 (full 1):
 garbage-first heap   total reserved 3072000K, committed 88064K, used 27650K [0x0000000744800000, 0x0000000800000000)
  region size 2048K, 0 young (0K), 0 survivors (0K)
 Metaspace       used 50069K, committed 50816K, reserved 1114112K
  class space    used 6848K, committed 7168K, reserved 1048576K
}

